<?xml version="1.0" encoding="UTF-8"?>
<!-- Generated by org.testng.reporters.JUnitReportReporter -->
<testsuite hostname="DESKTOP-B8B32A3" failures="0" tests="6" name="testrunner.TestClass" time="11.286" errors="0" timestamp="2022-11-16T14:15:28 EST" skipped="0">
  <testcase classname="testrunner.TestClass" name="backpicturetest" time="0.039"/>
  <system-out/>
  <testcase classname="testrunner.TestClass" name="backcart" time="0.477"/>
  <system-out/>
  <testcase classname="testrunner.TestClass" name="userNames" time="10.311"/>
  <system-out/>
  <testcase classname="testrunner.TestClass" name="menueTest" time="0.056"/>
  <system-out/>
  <testcase classname="testrunner.TestClass" name="titleTest" time="0.019"/>
  <system-out/>
  <testcase classname="testrunner.TestClass" name="LoginTest" time="0.384"/>
  <system-out/>
</testsuite> <!-- testrunner.TestClass -->
