<?xml version="1.0" encoding="UTF-8"?>
<!-- Generated by org.testng.reporters.JUnitReportReporter -->
<testsuite hostname="DESKTOP-B8B32A3" failures="0" tests="1" name="com.base.BaseClass" time="0.010" errors="0" timestamp="2022-10-22T13:01:55 EDT" skipped="0">
  <testcase classname="com.base.BaseClass" name="setup" time="0.010"/>
  <system-out/>
</testsuite> <!-- com.base.BaseClass -->
